[LOG] System::create                           : Header version = 2.02.25. Current version = 2.02.25.
[LOG] Manager::init                            : maxchannels = 256 studioflags = 00000006 flags 00000000 extradriverdata 0x0.
[LOG] SystemI::init                            : Initialize version=20225 (147536), maxchannels=256, flags=0x00020000
[LOG] SystemI::setOutputInternal               : Setting output to 'FMOD Core Audio Output'
[LOG] OutputCoreAudio::init                    : Output running 2 channels at 48000Hz sample rate.
[LOG] OutputCoreAudio::init                    : Maximum hardware read size: 512 samples, Software buffer size: 512 samples, Number of software buffers: 4.
[LOG] Thread::initThread                       : Init FMOD stream thread. Affinity: 0x4000000000000003, Priority: 0xFFFF7FFB, Stack Size: 98304, Semaphore: No, Sleep Time: 10, Looping: Yes.
[LOG] Thread::initThread                       : Init FMOD mixer thread. Affinity: 0x4000000000000001, Priority: 0xFFFF7FFA, Stack Size: 81920, Semaphore: Yes, Sleep Time: 0, Looping: Yes.
[LOG] AsyncManager::init                       : manager 0x7f99d119d208 isAsync 0 updatePeriod 0.02
[LOG] AsyncManager::init                       : done
[LOG] PlaybackSystem::init                     : 
[LOG] Thread::initThread                       : Init FMOD Studio sample load thread. Affinity: 0x4000000000000003, Priority: 0xFFFF7FFD, Stack Size: 98304, Semaphore: No, Sleep Time: 1, Looping: No.
[LOG] PlaybackSystem::init                     : done
[LOG] Thread::initThread                       : Init FMOD Studio bank load thread. Affinity: 0x4000000000000003, Priority: 0xFFFF7FFD, Stack Size: 98304, Semaphore: No, Sleep Time: 1, Looping: No.
[LOG] Manager::init                            : done.
[LOG] Manager::readBank                        : fileversion = 142, compatVersion = 140 (oldest = 44, newest = 142)
[LOG] Manager::readBank                        : fileversion = 142, compatVersion = 140 (oldest = 44, newest = 142)
[LOG] Manager::readBank                        : fileversion = 142, compatVersion = 140 (oldest = 44, newest = 142)
[LOG] PlaybackSystem::acquireMasterBus         : Setting master channel group format to 6
[LOG] SystemI::createSound                     : filename = Assets/wm/Build/Desktop/Master.bank : mode 02010082
[LOG] SystemI::createSound                     : FMOD_NONBLOCKING specified.  Putting into queue to be opened asynchronously!
[LOG] Thread::initThread                       : Init FMOD nonblocking thread (0). Affinity: 0x4000000000000003, Priority: 0xFFFF7FFC, Stack Size: 114688, Semaphore: Yes, Sleep Time: 0, Looping: Yes.
[LOG] AsyncThread::add                         : add sound to async queue : soundi = 0x7f99e01e5f98, queue head = 0x7f99c6906128, queue count = 0
[LOG] AsyncThread::threadFunc                  : Starting Asynchronous operation on sound 0x7f99e01e5f98
[LOG] SystemI::createSoundInternal             :     Create name='Assets/wm/Build/Desktop/Master.bank', mode=0x02010082
[LOG] SystemI::createSoundInternal             :     exinfo->cbsize             = 224
[LOG] SystemI::createSoundInternal             :     exinfo->length             = 2080992
[LOG] SystemI::createSoundInternal             :     exinfo->fileoffset         = 52352
[LOG] SystemI::createSoundInternal             :     exinfo->numsubsounds       = 1
[LOG] SystemI::createSoundInternal             :     exinfo->inclusionlist      = 0x7f99e01e09f0
[LOG] SystemI::createSoundInternal             :     exinfo->inclusionlistnum   = 1
[LOG] SystemI::createSoundInternal             :     exinfo->suggestedsoundtype = 5
[LOG] SystemI::createSoundInternal             :     exinfo->initialseekpostype = 1
[LOG] SystemI::createSoundInternal             :     Stream 0/1: name='SFX_Enemy_Chorro', format=5, channels=1, frequency=48000, lengthbytes=125184, lengthpcm=712389, pcmblocksize=0, loopstart=0, loopend=0, mode=0x00000000, channelmask=0x00000000, channelorder=0, peakvolume=0.715057.
[LOG] Thread::initThread                       :     Init FMOD file thread. Affinity: 0x4000000000000003, Priority: 0xFFFF7FFC, Stack Size: 65536, Semaphore: No, Sleep Time: 10, Looping: Yes.
[LOG] AsyncThread::threadFunc                  : Finished Asynchronous operation on sound 0x7f99e01e5f98
[LOG] AsyncThread::add                         : add sound to async queue : soundi = 0x7f99d01259d8, queue head = 0x7f99c6906128, queue count = 0
[LOG] AsyncThread::threadFunc                  : Starting Asynchronous operation on sound 0x7f99d01259d8
[LOG] AsyncThread::threadFunc                  : Finished Asynchronous operation on sound 0x7f99d01259d8
[LOG] SystemI::createSoundInternal             : Create name='', mode=0x02000202
[LOG] SystemI::createSoundInternal             : exinfo->cbsize             = 224
[LOG] SystemI::createSoundInternal             : exinfo->length             = 2080992
[LOG] SystemI::createSoundInternal             : exinfo->fileoffset         = 52352
[LOG] SystemI::createSoundInternal             : exinfo->numsubsounds       = 1
[LOG] SystemI::createSoundInternal             : exinfo->inclusionlist      = 0x3102bf93c
[LOG] SystemI::createSoundInternal             : exinfo->inclusionlistnum   = 1
[LOG] SystemI::createSoundInternal             : exinfo->suggestedsoundtype = 5
[LOG] SystemI::createSoundInternal             : exinfo->useropen           = 0x1f21729e8
[LOG] SystemI::createSoundInternal             : exinfo->userclose          = 0x1f2172aa6
[LOG] SystemI::createSoundInternal             : exinfo->userread           = 0x1f2172ad9
[LOG] SystemI::createSoundInternal             : exinfo->userseek           = 0x1f2172b78
[LOG] SystemI::createSoundInternal             : exinfo->fileuserdata       = 0x7f99c2b38348
[LOG] SystemI::createSoundInternal             : exinfo->initialseekpostype = 1
[LOG] SystemI::DSPCodecPoolRegister            : register codec pool for pool type 5
[LOG] SystemI::createSoundInternal             : Sample 0/1: name='SFX_Player_Scream_effort_05', format=5, channels=1, frequency=48000, lengthbytes=4640, lengthpcm=72000, pcmblocksize=0, loopstart=0, loopend=0, mode=0x00000000, channelmask=0x00000000, channelorder=0, peakvolume=0.716980.
[LOG] SystemI::createSoundInternal             : Create name='', mode=0x02000202
[LOG] SystemI::createSoundInternal             : exinfo->cbsize             = 224
[LOG] SystemI::createSoundInternal             : exinfo->length             = 2080992
[LOG] SystemI::createSoundInternal             : exinfo->fileoffset         = 52352
[LOG] SystemI::createSoundInternal             : exinfo->numsubsounds       = 1
[LOG] SystemI::createSoundInternal             : exinfo->inclusionlist      = 0x3102bf93c
[LOG] SystemI::createSoundInternal             : exinfo->inclusionlistnum   = 1
[LOG] SystemI::createSoundInternal             : exinfo->suggestedsoundtype = 5
[LOG] SystemI::createSoundInternal             : exinfo->useropen           = 0x1f21729e8
[LOG] SystemI::createSoundInternal             : exinfo->userclose          = 0x1f2172aa6
[LOG] SystemI::createSoundInternal             : exinfo->userread           = 0x1f2172ad9
[LOG] SystemI::createSoundInternal             : exinfo->userseek           = 0x1f2172b78
[LOG] SystemI::createSoundInternal             : exinfo->fileuserdata       = 0x7f99c2b38348
[LOG] SystemI::createSoundInternal             : exinfo->initialseekpostype = 1
[LOG] SystemI::DSPCodecPoolRegister            : register codec pool for pool type 5
[LOG] SystemI::createSoundInternal             : Sample 0/1: name='SFX_Player_Scream_effort_04', format=5, channels=1, frequency=48000, lengthbytes=4608, lengthpcm=72000, pcmblocksize=0, loopstart=0, loopend=0, mode=0x00000000, channelmask=0x00000000, channelorder=0, peakvolume=0.521729.
[LOG] SystemI::createSoundInternal             : Create name='', mode=0x02000202
[LOG] SystemI::createSoundInternal             : exinfo->cbsize             = 224
[LOG] SystemI::createSoundInternal             : exinfo->length             = 2080992
[LOG] SystemI::createSoundInternal             : exinfo->fileoffset         = 52352
[LOG] SystemI::createSoundInternal             : exinfo->numsubsounds       = 1
[LOG] SystemI::createSoundInternal             : exinfo->inclusionlist      = 0x3102bf93c
[LOG] SystemI::createSoundInternal             : exinfo->inclusionlistnum   = 1
[LOG] SystemI::createSoundInternal             : exinfo->suggestedsoundtype = 5
[LOG] SystemI::createSoundInternal             : exinfo->useropen           = 0x1f21729e8
[LOG] SystemI::createSoundInternal             : exinfo->userclose          = 0x1f2172aa6
[LOG] SystemI::createSoundInternal             : exinfo->userread           = 0x1f2172ad9
[LOG] SystemI::createSoundInternal             : exinfo->userseek           = 0x1f2172b78
[LOG] SystemI::createSoundInternal             : exinfo->fileuserdata       = 0x7f99c2b38348
[LOG] SystemI::createSoundInternal             : exinfo->initialseekpostype = 1
[LOG] SystemI::DSPCodecPoolRegister            : register codec pool for pool type 5
[LOG] SystemI::createSoundInternal             : Sample 0/1: name='SFX_Player_Scream_effort_08', format=5, channels=1, frequency=48000, lengthbytes=3680, lengthpcm=65260, pcmblocksize=0, loopstart=0, loopend=0, mode=0x00000000, channelmask=0x00000000, channelorder=0, peakvolume=0.643829.
[LOG] SystemI::createSoundInternal             : Create name='', mode=0x02000202
[LOG] SystemI::createSoundInternal             : exinfo->cbsize             = 224
[LOG] SystemI::createSoundInternal             : exinfo->length             = 2080992
[LOG] SystemI::createSoundInternal             : exinfo->fileoffset         = 52352
[LOG] SystemI::createSoundInternal             : exinfo->numsubsounds       = 1
[LOG] SystemI::createSoundInternal             : exinfo->inclusionlist      = 0x3102bf93c
[LOG] SystemI::createSoundInternal             : exinfo->inclusionlistnum   = 1
[LOG] SystemI::createSoundInternal             : exinfo->suggestedsoundtype = 5
[LOG] SystemI::createSoundInternal             : exinfo->useropen           = 0x1f21729e8
[LOG] SystemI::createSoundInternal             : exinfo->userclose          = 0x1f2172aa6
[LOG] SystemI::createSoundInternal             : exinfo->userread           = 0x1f2172ad9
[LOG] SystemI::createSoundInternal             : exinfo->userseek           = 0x1f2172b78
[LOG] SystemI::createSoundInternal             : exinfo->fileuserdata       = 0x7f99c2b38348
[LOG] SystemI::createSoundInternal             : exinfo->initialseekpostype = 1
[LOG] SystemI::DSPCodecPoolRegister            : register codec pool for pool type 5
[LOG] SystemI::createSoundInternal             : Sample 0/1: name='SFX_Player_Scream_effort_06', format=5, channels=1, frequency=48000, lengthbytes=4640, lengthpcm=72000, pcmblocksize=0, loopstart=0, loopend=0, mode=0x00000000, channelmask=0x00000000, channelorder=0, peakvolume=0.736542.
[LOG] SystemI::createSoundInternal             : Create name='', mode=0x02000202
[LOG] SystemI::createSoundInternal             : exinfo->cbsize             = 224
[LOG] SystemI::createSoundInternal             : exinfo->length             = 2080992
[LOG] SystemI::createSoundInternal             : exinfo->fileoffset         = 52352
[LOG] SystemI::createSoundInternal             : exinfo->numsubsounds       = 1
[LOG] SystemI::createSoundInternal             : exinfo->inclusionlist      = 0x3102bf93c
[LOG] SystemI::createSoundInternal             : exinfo->inclusionlistnum   = 1
[LOG] SystemI::createSoundInternal             : exinfo->suggestedsoundtype = 5
[LOG] SystemI::createSoundInternal             : exinfo->useropen           = 0x1f21729e8
[LOG] SystemI::createSoundInternal             : exinfo->userclose          = 0x1f2172aa6
[LOG] SystemI::createSoundInternal             : exinfo->userread           = 0x1f2172ad9
[LOG] SystemI::createSoundInternal             : exinfo->userseek           = 0x1f2172b78
[LOG] SystemI::createSoundInternal             : exinfo->fileuserdata       = 0x7f99c2b38348
[LOG] SystemI::createSoundInternal             : exinfo->initialseekpostype = 1
[LOG] SystemI::DSPCodecPoolRegister            : register codec pool for pool type 5
[LOG] SystemI::createSoundInternal             : Sample 0/1: name='SFX_Player_Scream_effort_03', format=5, channels=1, frequency=48000, lengthbytes=4736, lengthpcm=72000, pcmblocksize=0, loopstart=0, loopend=0, mode=0x00000000, channelmask=0x00000000, channelorder=0, peakvolume=0.760040.
[LOG] SystemI::createSoundInternal             : Create name='', mode=0x02000202
[LOG] SystemI::createSoundInternal             : exinfo->cbsize             = 224
[LOG] SystemI::createSoundInternal             : exinfo->length             = 2080992
[LOG] SystemI::createSoundInternal             : exinfo->fileoffset         = 52352
[LOG] SystemI::createSoundInternal             : exinfo->numsubsounds       = 1
[LOG] SystemI::createSoundInternal             : exinfo->inclusionlist      = 0x3102bf93c
[LOG] SystemI::createSoundInternal             : exinfo->inclusionlistnum   = 1
[LOG] SystemI::createSoundInternal             : exinfo->suggestedsoundtype = 5
[LOG] SystemI::createSoundInternal             : exinfo->useropen           = 0x1f21729e8
[LOG] SystemI::createSoundInternal             : exinfo->userclose          = 0x1f2172aa6
[LOG] SystemI::createSoundInternal             : exinfo->userread           = 0x1f2172ad9
[LOG] SystemI::createSoundInternal             : exinfo->userseek           = 0x1f2172b78
[LOG] SystemI::createSoundInternal             : exinfo->fileuserdata       = 0x7f99c2b38348
[LOG] SystemI::createSoundInternal             : exinfo->initialseekpostype = 1
[LOG] SystemI::DSPCodecPoolRegister            : register codec pool for pool type 5
[LOG] SystemI::createSoundInternal             : Sample 0/1: name='SFX_Player_Scream_effort_07', format=5, channels=1, frequency=48000, lengthbytes=3168, lengthpcm=63306, pcmblocksize=0, loopstart=0, loopend=0, mode=0x00000000, channelmask=0x00000000, channelorder=0, peakvolume=0.592407.
[LOG] SystemI::createSoundInternal             : Create name='', mode=0x02000202
[LOG] SystemI::createSoundInternal             : exinfo->cbsize             = 224
[LOG] SystemI::createSoundInternal             : exinfo->length             = 2080992
[LOG] SystemI::createSoundInternal             : exinfo->fileoffset         = 52352
[LOG] SystemI::createSoundInternal             : exinfo->numsubsounds       = 1
[LOG] SystemI::createSoundInternal             : exinfo->inclusionlist      = 0x3102bf93c
[LOG] SystemI::createSoundInternal             : exinfo->inclusionlistnum   = 1
[LOG] SystemI::createSoundInternal             : exinfo->suggestedsoundtype = 5
[LOG] SystemI::createSoundInternal             : exinfo->useropen           = 0x1f21729e8
[LOG] SystemI::createSoundInternal             : exinfo->userclose          = 0x1f2172aa6
[LOG] SystemI::createSoundInternal             : exinfo->userread           = 0x1f2172ad9
[LOG] SystemI::createSoundInternal             : exinfo->userseek           = 0x1f2172b78
[LOG] SystemI::createSoundInternal             : exinfo->fileuserdata       = 0x7f99c2b38348
[LOG] SystemI::createSoundInternal             : exinfo->initialseekpostype = 1
[LOG] SystemI::DSPCodecPoolRegister            : register codec pool for pool type 5
[LOG] SystemI::createSoundInternal             : Sample 0/1: name='SFX_Player_Scream_effort_02', format=5, channels=1, frequency=48000, lengthbytes=4544, lengthpcm=72000, pcmblocksize=0, loopstart=0, loopend=0, mode=0x00000000, channelmask=0x00000000, channelorder=0, peakvolume=0.744843.
[LOG] SystemI::createSoundInternal             : Create name='', mode=0x02000202
[LOG] SystemI::createSoundInternal             : exinfo->cbsize             = 224
[LOG] SystemI::createSoundInternal             : exinfo->length             = 2080992
[LOG] SystemI::createSoundInternal             : exinfo->fileoffset         = 52352
[LOG] SystemI::createSoundInternal             : exinfo->numsubsounds       = 1
[LOG] SystemI::createSoundInternal             : exinfo->inclusionlist      = 0x3102bf93c
[LOG] SystemI::createSoundInternal             : exinfo->inclusionlistnum   = 1
[LOG] SystemI::createSoundInternal             : exinfo->suggestedsoundtype = 5
[LOG] SystemI::createSoundInternal             : exinfo->useropen           = 0x1f21729e8
[LOG] SystemI::createSoundInternal             : exinfo->userclose          = 0x1f2172aa6
[LOG] SystemI::createSoundInternal             : exinfo->userread           = 0x1f2172ad9
[LOG] SystemI::createSoundInternal             : exinfo->userseek           = 0x1f2172b78
[LOG] SystemI::createSoundInternal             : exinfo->fileuserdata       = 0x7f99c2b38348
[LOG] SystemI::createSoundInternal             : exinfo->initialseekpostype = 1
[LOG] SystemI::DSPCodecPoolRegister            : register codec pool for pool type 5
[LOG] SystemI::createSoundInternal             : Sample 0/1: name='SFX_Player_Scream_effort_01', format=5, channels=1, frequency=48000, lengthbytes=4480, lengthpcm=72000, pcmblocksize=0, loopstart=0, loopend=0, mode=0x00000000, channelmask=0x00000000, channelorder=0, peakvolume=0.640930.
[LOG] SystemI::createSound                     : filename = Assets/wm/Build/Desktop/Master.bank : mode 02010082
[LOG] SystemI::createSound                     : FMOD_NONBLOCKING specified.  Putting into queue to be opened asynchronously!
[LOG] AsyncThread::add                         : add sound to async queue : soundi = 0x7f99c0d34998, queue head = 0x7f99c6906128, queue count = 0
[LOG] AsyncThread::threadFunc                  : Starting Asynchronous operation on sound 0x7f99c0d34998
[LOG] SystemI::createSoundInternal             :     Create name='Assets/wm/Build/Desktop/Master.bank', mode=0x02010082
[LOG] SystemI::createSoundInternal             :     exinfo->cbsize             = 224
[LOG] SystemI::createSoundInternal             :     exinfo->length             = 2080992
[LOG] SystemI::createSoundInternal             :     exinfo->fileoffset         = 52352
[LOG] SystemI::createSoundInternal             :     exinfo->numsubsounds       = 1
[LOG] SystemI::createSoundInternal             :     exinfo->inclusionlist      = 0x7f99c0d34780
[LOG] SystemI::createSoundInternal             :     exinfo->inclusionlistnum   = 1
[LOG] SystemI::createSoundInternal             :     exinfo->suggestedsoundtype = 5
[LOG] SystemI::createSoundInternal             :     exinfo->initialseekpostype = 1
[LOG] SystemI::createSoundInternal             :     Stream 0/1: name='SFX_Enemy_Chorro', format=5, channels=1, frequency=48000, lengthbytes=125184, lengthpcm=712389, pcmblocksize=0, loopstart=0, loopend=0, mode=0x00000000, channelmask=0x00000000, channelorder=0, peakvolume=0.715057.
[LOG] AsyncThread::threadFunc                  : Finished Asynchronous operation on sound 0x7f99c0d34998
[LOG] AsyncThread::add                         : add sound to async queue : soundi = 0x7f99c2be73c8, queue head = 0x7f99c6906128, queue count = 0
[LOG] AsyncThread::threadFunc                  : Starting Asynchronous operation on sound 0x7f99c2be73c8
[LOG] AsyncThread::threadFunc                  : Finished Asynchronous operation on sound 0x7f99c2be73c8
[LOG] SoundI::release                          : SFX_Enemy_Chorro (0x7f99e01e5f98)
[LOG] SoundI::release                          :     SFX_Enemy_Chorro (0x7f99d0125848)
[LOG] SoundI::release                          :     SFX_Enemy_Chorro (0x7f99d01259d8)
[LOG] SoundI::release                          : SFX_Enemy_Chorro (0x7f99c0d34998)
[LOG] SoundI::release                          :     SFX_Enemy_Chorro (0x7f99d0126438)
[LOG] SoundI::release                          :     SFX_Enemy_Chorro (0x7f99c2be73c8)
[LOG] SystemI::createSound                     : filename = Assets/wm/Build/Desktop/Master.bank : mode 02010082
[LOG] SystemI::createSound                     : FMOD_NONBLOCKING specified.  Putting into queue to be opened asynchronously!
[LOG] AsyncThread::add                         : add sound to async queue : soundi = 0x7f99d0bad928, queue head = 0x7f99c6906128, queue count = 0
[LOG] AsyncThread::threadFunc                  : Starting Asynchronous operation on sound 0x7f99d0bad928
[LOG] SystemI::createSoundInternal             :     Create name='Assets/wm/Build/Desktop/Master.bank', mode=0x02010082
[LOG] SystemI::createSoundInternal             :     exinfo->cbsize             = 224
[LOG] SystemI::createSoundInternal             :     exinfo->length             = 2080992
[LOG] SystemI::createSoundInternal             :     exinfo->fileoffset         = 52352
[LOG] SystemI::createSoundInternal             :     exinfo->numsubsounds       = 1
[LOG] SystemI::createSoundInternal             :     exinfo->inclusionlist      = 0x7f99d0bad760
[LOG] SystemI::createSoundInternal             :     exinfo->inclusionlistnum   = 1
[LOG] SystemI::createSoundInternal             :     exinfo->suggestedsoundtype = 5
[LOG] SystemI::createSoundInternal             :     exinfo->initialseekpostype = 1
[LOG] SystemI::createSoundInternal             :     Stream 0/1: name='SFX_Enemy_Chorro', format=5, channels=1, frequency=48000, lengthbytes=125184, lengthpcm=712389, pcmblocksize=0, loopstart=0, loopend=0, mode=0x00000000, channelmask=0x00000000, channelorder=0, peakvolume=0.715057.
[LOG] AsyncThread::threadFunc                  : Finished Asynchronous operation on sound 0x7f99d0bad928
[LOG] AsyncThread::add                         : add sound to async queue : soundi = 0x7f99c2bfb528, queue head = 0x7f99c6906128, queue count = 0
[LOG] AsyncThread::threadFunc                  : Starting Asynchronous operation on sound 0x7f99c2bfb528
[LOG] AsyncThread::threadFunc                  : Finished Asynchronous operation on sound 0x7f99c2bfb528
[LOG] SystemI::createSound                     : filename = Assets/wm/Build/Desktop/Master.bank : mode 02010082
[LOG] SystemI::createSound                     : FMOD_NONBLOCKING specified.  Putting into queue to be opened asynchronously!
[LOG] AsyncThread::add                         : add sound to async queue : soundi = 0x7f99d093e988, queue head = 0x7f99c6906128, queue count = 0
[LOG] AsyncThread::threadFunc                  : Starting Asynchronous operation on sound 0x7f99d093e988
[LOG] SystemI::createSoundInternal             :     Create name='Assets/wm/Build/Desktop/Master.bank', mode=0x02010082
[LOG] SystemI::createSoundInternal             :     exinfo->cbsize             = 224
[LOG] SystemI::createSoundInternal             :     exinfo->length             = 2080992
[LOG] SystemI::createSoundInternal             :     exinfo->fileoffset         = 52352
[LOG] SystemI::createSoundInternal             :     exinfo->numsubsounds       = 1
[LOG] SystemI::createSoundInternal             :     exinfo->inclusionlist      = 0x7f99d09136b0
[LOG] SystemI::createSoundInternal             :     exinfo->inclusionlistnum   = 1
[LOG] SystemI::createSoundInternal             :     exinfo->suggestedsoundtype = 5
[LOG] SystemI::createSoundInternal             :     exinfo->initialseekpostype = 1
[LOG] SystemI::createSoundInternal             :     Stream 0/1: name='SFX_Enemy_Chorro', format=5, channels=1, frequency=48000, lengthbytes=125184, lengthpcm=712389, pcmblocksize=0, loopstart=0, loopend=0, mode=0x00000000, channelmask=0x00000000, channelorder=0, peakvolume=0.715057.
[LOG] AsyncThread::threadFunc                  : Finished Asynchronous operation on sound 0x7f99d093e988
[LOG] AsyncThread::add                         : add sound to async queue : soundi = 0x7f99c2bf0b48, queue head = 0x7f99c6906128, queue count = 0
[LOG] AsyncThread::threadFunc                  : Starting Asynchronous operation on sound 0x7f99c2bf0b48
[LOG] AsyncThread::threadFunc                  : Finished Asynchronous operation on sound 0x7f99c2bf0b48
[LOG] SoundI::release                          : SFX_Enemy_Chorro (0x7f99d0bad928)
[LOG] SoundI::release                          :     SFX_Enemy_Chorro (0x7f99c2bfb398)
[LOG] SoundI::release                          :     SFX_Enemy_Chorro (0x7f99c2bfb528)
[LOG] SoundI::release                          : SFX_Enemy_Chorro (0x7f99d093e988)
[LOG] SoundI::release                          :     SFX_Enemy_Chorro (0x7f99c2bef7b8)
[LOG] SoundI::release                          :     SFX_Enemy_Chorro (0x7f99c2bf0b48)
[LOG] SystemI::createSound                     : filename = Assets/wm/Build/Desktop/Master.bank : mode 02010082
[LOG] SystemI::createSound                     : FMOD_NONBLOCKING specified.  Putting into queue to be opened asynchronously!
[LOG] AsyncThread::add                         : add sound to async queue : soundi = 0x7f99d0bae0d8, queue head = 0x7f99c6906128, queue count = 0
[LOG] AsyncThread::threadFunc                  : Starting Asynchronous operation on sound 0x7f99d0bae0d8
[LOG] SystemI::createSoundInternal             :     Create name='Assets/wm/Build/Desktop/Master.bank', mode=0x02010082
[LOG] SystemI::createSoundInternal             :     exinfo->cbsize             = 224
[LOG] SystemI::createSoundInternal             :     exinfo->length             = 2080992
[LOG] SystemI::createSoundInternal             :     exinfo->fileoffset         = 52352
[LOG] SystemI::createSoundInternal             :     exinfo->numsubsounds       = 1
[LOG] SystemI::createSoundInternal             :     exinfo->inclusionlist      = 0x7f99d0b920f0
[LOG] SystemI::createSoundInternal             :     exinfo->inclusionlistnum   = 1
[LOG] SystemI::createSoundInternal             :     exinfo->suggestedsoundtype = 5
[LOG] SystemI::createSoundInternal             :     exinfo->initialseekpostype = 1
[LOG] SystemI::createSoundInternal             :     Stream 0/1: name='SFX_Enemy_Chorro', format=5, channels=1, frequency=48000, lengthbytes=125184, lengthpcm=712389, pcmblocksize=0, loopstart=0, loopend=0, mode=0x00000000, channelmask=0x00000000, channelorder=0, peakvolume=0.715057.
[LOG] AsyncThread::threadFunc                  : Finished Asynchronous operation on sound 0x7f99d0bae0d8
[LOG] AsyncThread::add                         : add sound to async queue : soundi = 0x7f99c0d7fe48, queue head = 0x7f99c6906128, queue count = 0
[LOG] AsyncThread::threadFunc                  : Starting Asynchronous operation on sound 0x7f99c0d7fe48
[LOG] AsyncThread::threadFunc                  : Finished Asynchronous operation on sound 0x7f99c0d7fe48
[LOG] SystemI::createSoundInternal             : Create name='', mode=0x02000202
[LOG] SystemI::createSoundInternal             : exinfo->cbsize             = 224
[LOG] SystemI::createSoundInternal             : exinfo->length             = 2080992
[LOG] SystemI::createSoundInternal             : exinfo->fileoffset         = 52352
[LOG] SystemI::createSoundInternal             : exinfo->numsubsounds       = 1
[LOG] SystemI::createSoundInternal             : exinfo->inclusionlist      = 0x3102bf93c
[LOG] SystemI::createSoundInternal             : exinfo->inclusionlistnum   = 1
[LOG] SystemI::createSoundInternal             : exinfo->suggestedsoundtype = 5
[LOG] SystemI::createSoundInternal             : exinfo->useropen           = 0x1f21729e8
[LOG] SystemI::createSoundInternal             : exinfo->userclose          = 0x1f2172aa6
[LOG] SystemI::createSoundInternal             : exinfo->userread           = 0x1f2172ad9
[LOG] SystemI::createSoundInternal             : exinfo->userseek           = 0x1f2172b78
[LOG] SystemI::createSoundInternal             : exinfo->fileuserdata       = 0x7f99e065b168
[LOG] SystemI::createSoundInternal             : exinfo->initialseekpostype = 1
[LOG] SystemI::DSPCodecPoolRegister            : register codec pool for pool type 5
[LOG] SystemI::createSoundInternal             : Sample 0/1: name='SFX_Player_Sword_02', format=5, channels=1, frequency=48000, lengthbytes=10624, lengthpcm=72000, pcmblocksize=0, loopstart=0, loopend=0, mode=0x00000000, channelmask=0x00000000, channelorder=0, peakvolume=0.378021.
[LOG] SystemI::createSoundInternal             : Create name='', mode=0x02000202
[LOG] SystemI::createSoundInternal             : exinfo->cbsize             = 224
[LOG] SystemI::createSoundInternal             : exinfo->length             = 2080992
[LOG] SystemI::createSoundInternal             : exinfo->fileoffset         = 52352
[LOG] SystemI::createSoundInternal             : exinfo->numsubsounds       = 1
[LOG] SystemI::createSoundInternal             : exinfo->inclusionlist      = 0x3102bf93c
[LOG] SystemI::createSoundInternal             : exinfo->inclusionlistnum   = 1
[LOG] SystemI::createSoundInternal             : exinfo->suggestedsoundtype = 5
[LOG] SystemI::createSoundInternal             : exinfo->useropen           = 0x1f21729e8
[LOG] SystemI::createSoundInternal             : exinfo->userclose          = 0x1f2172aa6
[LOG] SystemI::createSoundInternal             : exinfo->userread           = 0x1f2172ad9
[LOG] SystemI::createSoundInternal             : exinfo->userseek           = 0x1f2172b78
[LOG] SystemI::createSoundInternal             : exinfo->fileuserdata       = 0x7f99e065b168
[LOG] SystemI::createSoundInternal             : exinfo->initialseekpostype = 1
[LOG] SystemI::DSPCodecPoolRegister            : register codec pool for pool type 5
[LOG] SystemI::createSoundInternal             : Sample 0/1: name='SFX_Player_Sword_07', format=5, channels=1, frequency=48000, lengthbytes=4576, lengthpcm=72000, pcmblocksize=0, loopstart=0, loopend=0, mode=0x00000000, channelmask=0x00000000, channelorder=0, peakvolume=0.393219.
[LOG] SystemI::createSoundInternal             : Create name='', mode=0x02000202
[LOG] SystemI::createSoundInternal             : exinfo->cbsize             = 224
[LOG] SystemI::createSoundInternal             : exinfo->length             = 2080992
[LOG] SystemI::createSoundInternal             : exinfo->fileoffset         = 52352
[LOG] SystemI::createSoundInternal             : exinfo->numsubsounds       = 1
[LOG] SystemI::createSoundInternal             : exinfo->inclusionlist      = 0x3102bf93c
[LOG] SystemI::createSoundInternal             : exinfo->inclusionlistnum   = 1
[LOG] SystemI::createSoundInternal             : exinfo->suggestedsoundtype = 5
[LOG] SystemI::createSoundInternal             : exinfo->useropen           = 0x1f21729e8
[LOG] SystemI::createSoundInternal             : exinfo->userclose          = 0x1f2172aa6
[LOG] SystemI::createSoundInternal             : exinfo->userread           = 0x1f2172ad9
[LOG] SystemI::createSoundInternal             : exinfo->userseek           = 0x1f2172b78
[LOG] SystemI::createSoundInternal             : exinfo->fileuserdata       = 0x7f99e065b168
[LOG] SystemI::createSoundInternal             : exinfo->initialseekpostype = 1
[LOG] SystemI::DSPCodecPoolRegister            : register codec pool for pool type 5
[LOG] SystemI::createSoundInternal             : Sample 0/1: name='SFX_Player_Sword_04', format=5, channels=1, frequency=48000, lengthbytes=4416, lengthpcm=72000, pcmblocksize=0, loopstart=0, loopend=0, mode=0x00000000, channelmask=0x00000000, channelorder=0, peakvolume=0.344116.
[LOG] SystemI::createSoundInternal             : Create name='', mode=0x02000202
[LOG] SystemI::createSoundInternal             : exinfo->cbsize             = 224
[LOG] SystemI::createSoundInternal             : exinfo->length             = 2080992
[LOG] SystemI::createSoundInternal             : exinfo->fileoffset         = 52352
[LOG] SystemI::createSoundInternal             : exinfo->numsubsounds       = 1
[LOG] SystemI::createSoundInternal             : exinfo->inclusionlist      = 0x3102bf93c
[LOG] SystemI::createSoundInternal             : exinfo->inclusionlistnum   = 1
[LOG] SystemI::createSoundInternal             : exinfo->suggestedsoundtype = 5
[LOG] SystemI::createSoundInternal             : exinfo->useropen           = 0x1f21729e8
[LOG] SystemI::createSoundInternal             : exinfo->userclose          = 0x1f2172aa6
[LOG] SystemI::createSoundInternal             : exinfo->userread           = 0x1f2172ad9
[LOG] SystemI::createSoundInternal             : exinfo->userseek           = 0x1f2172b78
[LOG] SystemI::createSoundInternal             : exinfo->fileuserdata       = 0x7f99e065b168
[LOG] SystemI::createSoundInternal             : exinfo->initialseekpostype = 1
[LOG] SystemI::DSPCodecPoolRegister            : register codec pool for pool type 5
[LOG] SystemI::createSoundInternal             : Sample 0/1: name='SFX_Player_Sword_08', format=5, channels=1, frequency=48000, lengthbytes=4576, lengthpcm=72000, pcmblocksize=0, loopstart=0, loopend=0, mode=0x00000000, channelmask=0x00000000, channelorder=0, peakvolume=0.383179.
[LOG] SystemI::createSoundInternal             : Create name='', mode=0x02000202
[LOG] SystemI::createSoundInternal             : exinfo->cbsize             = 224
[LOG] SystemI::createSoundInternal             : exinfo->length             = 2080992
[LOG] SystemI::createSoundInternal             : exinfo->fileoffset         = 52352
[LOG] SystemI::createSoundInternal             : exinfo->numsubsounds       = 1
[LOG] SystemI::createSoundInternal             : exinfo->inclusionlist      = 0x3102bf93c
[LOG] SystemI::createSoundInternal             : exinfo->inclusionlistnum   = 1
[LOG] SystemI::createSoundInternal             : exinfo->suggestedsoundtype = 5
[LOG] SystemI::createSoundInternal             : exinfo->useropen           = 0x1f21729e8
[LOG] SystemI::createSoundInternal             : exinfo->userclose          = 0x1f2172aa6
[LOG] SystemI::createSoundInternal             : exinfo->userread           = 0x1f2172ad9
[LOG] SystemI::createSoundInternal             : exinfo->userseek           = 0x1f2172b78
[LOG] SystemI::createSoundInternal             : exinfo->fileuserdata       = 0x7f99e065b168
[LOG] SystemI::createSoundInternal             : exinfo->initialseekpostype = 1
[LOG] SystemI::DSPCodecPoolRegister            : register codec pool for pool type 5
[LOG] SystemI::createSoundInternal             : Sample 0/1: name='SFX_Player_Sword_05', format=5, channels=1, frequency=48000, lengthbytes=5088, lengthpcm=72000, pcmblocksize=0, loopstart=0, loopend=0, mode=0x00000000, channelmask=0x00000000, channelorder=0, peakvolume=0.309937.
[LOG] SystemI::createSoundInternal             : Create name='', mode=0x02000202
[LOG] SystemI::createSoundInternal             : exinfo->cbsize             = 224
[LOG] SystemI::createSoundInternal             : exinfo->length             = 2080992
[LOG] SystemI::createSoundInternal             : exinfo->fileoffset         = 52352
[LOG] SystemI::createSoundInternal             : exinfo->numsubsounds       = 1
[LOG] SystemI::createSoundInternal             : exinfo->inclusionlist      = 0x3102bf93c
[LOG] SystemI::createSoundInternal             : exinfo->inclusionlistnum   = 1
[LOG] SystemI::createSoundInternal             : exinfo->suggestedsoundtype = 5
[LOG] SystemI::createSoundInternal             : exinfo->useropen           = 0x1f21729e8
[LOG] SystemI::createSoundInternal             : exinfo->userclose          = 0x1f2172aa6
[LOG] SystemI::createSoundInternal             : exinfo->userread           = 0x1f2172ad9
[LOG] SystemI::createSoundInternal             : exinfo->userseek           = 0x1f2172b78
[LOG] SystemI::createSoundInternal             : exinfo->fileuserdata       = 0x7f99e065b168
[LOG] SystemI::createSoundInternal             : exinfo->initialseekpostype = 1
[LOG] SystemI::DSPCodecPoolRegister            : register codec pool for pool type 5
[LOG] SystemI::createSoundInternal             : Sample 0/1: name='SFX_Player_Sword_06', format=5, channels=1, frequency=48000, lengthbytes=4704, lengthpcm=72000, pcmblocksize=0, loopstart=0, loopend=0, mode=0x00000000, channelmask=0x00000000, channelorder=0, peakvolume=0.379883.
[LOG] SystemI::createSoundInternal             : Create name='', mode=0x02000202
[LOG] SystemI::createSoundInternal             : exinfo->cbsize             = 224
[LOG] SystemI::createSoundInternal             : exinfo->length             = 2080992
[LOG] SystemI::createSoundInternal             : exinfo->fileoffset         = 52352
[LOG] SystemI::createSoundInternal             : exinfo->numsubsounds       = 1
[LOG] SystemI::createSoundInternal             : exinfo->inclusionlist      = 0x3102bf93c
[LOG] SystemI::createSoundInternal             : exinfo->inclusionlistnum   = 1
[LOG] SystemI::createSoundInternal             : exinfo->suggestedsoundtype = 5
[LOG] SystemI::createSoundInternal             : exinfo->useropen           = 0x1f21729e8
[LOG] SystemI::createSoundInternal             : exinfo->userclose          = 0x1f2172aa6
[LOG] SystemI::createSoundInternal             : exinfo->userread           = 0x1f2172ad9
[LOG] SystemI::createSoundInternal             : exinfo->userseek           = 0x1f2172b78
[LOG] SystemI::createSoundInternal             : exinfo->fileuserdata       = 0x7f99e065b168
[LOG] SystemI::createSoundInternal             : exinfo->initialseekpostype = 1
[LOG] SystemI::DSPCodecPoolRegister            : register codec pool for pool type 5
[LOG] SystemI::createSoundInternal             : Sample 0/1: name='SFX_Player_Sword_03', format=5, channels=1, frequency=48000, lengthbytes=10560, lengthpcm=72000, pcmblocksize=0, loopstart=0, loopend=0, mode=0x00000000, channelmask=0x00000000, channelorder=0, peakvolume=0.395416.
[LOG] SystemI::createSoundInternal             : Create name='', mode=0x02000202
[LOG] SystemI::createSoundInternal             : exinfo->cbsize             = 224
[LOG] SystemI::createSoundInternal             : exinfo->length             = 2080992
[LOG] SystemI::createSoundInternal             : exinfo->fileoffset         = 52352
[LOG] SystemI::createSoundInternal             : exinfo->numsubsounds       = 1
[LOG] SystemI::createSoundInternal             : exinfo->inclusionlist      = 0x3102bf93c
[LOG] SystemI::createSoundInternal             : exinfo->inclusionlistnum   = 1
[LOG] SystemI::createSoundInternal             : exinfo->suggestedsoundtype = 5
[LOG] SystemI::createSoundInternal             : exinfo->useropen           = 0x1f21729e8
[LOG] SystemI::createSoundInternal             : exinfo->userclose          = 0x1f2172aa6
[LOG] SystemI::createSoundInternal             : exinfo->userread           = 0x1f2172ad9
[LOG] SystemI::createSoundInternal             : exinfo->userseek           = 0x1f2172b78
[LOG] SystemI::createSoundInternal             : exinfo->fileuserdata       = 0x7f99e065b168
[LOG] SystemI::createSoundInternal             : exinfo->initialseekpostype = 1
[LOG] SystemI::DSPCodecPoolRegister            : register codec pool for pool type 5
[LOG] SystemI::createSoundInternal             : Sample 0/1: name='SFX_Player_Sword_01', format=5, channels=1, frequency=48000, lengthbytes=10368, lengthpcm=72000, pcmblocksize=0, loopstart=0, loopend=0, mode=0x00000000, channelmask=0x00000000, channelorder=0, peakvolume=0.372925.
[LOG] AsyncThread::add                         : add sound to async queue : soundi = 0x7f99c0d7fe48, queue head = 0x7f99c6906128, queue count = 0
[LOG] AsyncThread::threadFunc                  : Starting Asynchronous operation on sound 0x7f99c0d7fe48
[LOG] AsyncThread::threadFunc                  : Finished Asynchronous operation on sound 0x7f99c0d7fe48
[LOG] AsyncThread::add                         : add sound to async queue : soundi = 0x7f99c0d7fe48, queue head = 0x7f99c6906128, queue count = 0
[LOG] AsyncThread::threadFunc                  : Starting Asynchronous operation on sound 0x7f99c0d7fe48
[LOG] AsyncThread::threadFunc                  : Finished Asynchronous operation on sound 0x7f99c0d7fe48
[LOG] AsyncThread::add                         : add sound to async queue : soundi = 0x7f99c0d7fe48, queue head = 0x7f99c6906128, queue count = 0
[LOG] AsyncThread::threadFunc                  : Starting Asynchronous operation on sound 0x7f99c0d7fe48
[LOG] AsyncThread::threadFunc                  : Finished Asynchronous operation on sound 0x7f99c0d7fe48
[LOG] AsyncThread::add                         : add sound to async queue : soundi = 0x7f99c0d7fe48, queue head = 0x7f99c6906128, queue count = 0
[LOG] AsyncThread::threadFunc                  : Starting Asynchronous operation on sound 0x7f99c0d7fe48
[LOG] AsyncThread::threadFunc                  : Finished Asynchronous operation on sound 0x7f99c0d7fe48
[LOG] AsyncThread::add                         : add sound to async queue : soundi = 0x7f99c0d7fe48, queue head = 0x7f99c6906128, queue count = 0
[LOG] AsyncThread::threadFunc                  : Starting Asynchronous operation on sound 0x7f99c0d7fe48
[LOG] AsyncThread::threadFunc                  : Finished Asynchronous operation on sound 0x7f99c0d7fe48
[LOG] AsyncThread::add                         : add sound to async queue : soundi = 0x7f99c0d7fe48, queue head = 0x7f99c6906128, queue count = 0
[LOG] AsyncThread::threadFunc                  : Starting Asynchronous operation on sound 0x7f99c0d7fe48
[LOG] AsyncThread::threadFunc                  : Finished Asynchronous operation on sound 0x7f99c0d7fe48
[LOG] AsyncThread::add                         : add sound to async queue : soundi = 0x7f99c0d7fe48, queue head = 0x7f99c6906128, queue count = 0
[LOG] AsyncThread::threadFunc                  : Starting Asynchronous operation on sound 0x7f99c0d7fe48
[LOG] AsyncThread::threadFunc                  : Finished Asynchronous operation on sound 0x7f99c0d7fe48
[LOG] SystemI::createSound                     : filename = Assets/wm/Build/Desktop/Master.bank : mode 02010082
[LOG] SystemI::createSound                     : FMOD_NONBLOCKING specified.  Putting into queue to be opened asynchronously!
[LOG] AsyncThread::add                         : add sound to async queue : soundi = 0x7f99c2b80f58, queue head = 0x7f99c6906128, queue count = 0
[LOG] AsyncThread::threadFunc                  : Starting Asynchronous operation on sound 0x7f99c2b80f58
[LOG] SystemI::createSoundInternal             :     Create name='Assets/wm/Build/Desktop/Master.bank', mode=0x02010082
[LOG] SystemI::createSoundInternal             :     exinfo->cbsize             = 224
[LOG] SystemI::createSoundInternal             :     exinfo->length             = 2080992
[LOG] SystemI::createSoundInternal             :     exinfo->fileoffset         = 52352
[LOG] SystemI::createSoundInternal             :     exinfo->numsubsounds       = 1
[LOG] SystemI::createSoundInternal             :     exinfo->inclusionlist      = 0x7f99c2b89600
[LOG] SystemI::createSoundInternal             :     exinfo->inclusionlistnum   = 1
[LOG] SystemI::createSoundInternal             :     exinfo->suggestedsoundtype = 5
[LOG] SystemI::createSoundInternal             :     exinfo->initialseekpostype = 1
[LOG] SystemI::createSoundInternal             :     Stream 0/1: name='SFX_Enemy_Chorro', format=5, channels=1, frequency=48000, lengthbytes=125184, lengthpcm=712389, pcmblocksize=0, loopstart=0, loopend=0, mode=0x00000000, channelmask=0x00000000, channelorder=0, peakvolume=0.715057.
[LOG] AsyncThread::threadFunc                  : Finished Asynchronous operation on sound 0x7f99c2b80f58
[LOG] AsyncThread::add                         : add sound to async queue : soundi = 0x7f99d0bb2048, queue head = 0x7f99c6906128, queue count = 0
[LOG] AsyncThread::threadFunc                  : Starting Asynchronous operation on sound 0x7f99d0bb2048
[LOG] AsyncThread::threadFunc                  : Finished Asynchronous operation on sound 0x7f99d0bb2048
[LOG] SoundI::release                          : SFX_Enemy_Chorro (0x7f99d0bae0d8)
[LOG] SoundI::release                          :     SFX_Enemy_Chorro (0x7f99c0d50f28)
[LOG] SoundI::release                          :     SFX_Enemy_Chorro (0x7f99c0d7fe48)
[LOG] AsyncThread::add                         : add sound to async queue : soundi = 0x7f99d0bb2048, queue head = 0x7f99c6906128, queue count = 0
[LOG] AsyncThread::threadFunc                  : Starting Asynchronous operation on sound 0x7f99d0bb2048
[LOG] AsyncThread::threadFunc                  : Finished Asynchronous operation on sound 0x7f99d0bb2048
[LOG] AsyncThread::add                         : add sound to async queue : soundi = 0x7f99d0bb2048, queue head = 0x7f99c6906128, queue count = 0
[LOG] AsyncThread::threadFunc                  : Starting Asynchronous operation on sound 0x7f99d0bb2048
[LOG] AsyncThread::threadFunc                  : Finished Asynchronous operation on sound 0x7f99d0bb2048
[LOG] SystemI::createSound                     : filename = Assets/wm/Build/Desktop/Master.bank : mode 02010082
[LOG] SystemI::createSound                     : FMOD_NONBLOCKING specified.  Putting into queue to be opened asynchronously!
[LOG] AsyncThread::add                         : add sound to async queue : soundi = 0x7f99c2b46138, queue head = 0x7f99c6906128, queue count = 0
[LOG] AsyncThread::threadFunc                  : Starting Asynchronous operation on sound 0x7f99c2b46138
[LOG] SystemI::createSoundInternal             :     Create name='Assets/wm/Build/Desktop/Master.bank', mode=0x02010082
[LOG] SystemI::createSoundInternal             :     exinfo->cbsize             = 224
[LOG] SystemI::createSoundInternal             :     exinfo->length             = 2080992
[LOG] SystemI::createSoundInternal             :     exinfo->fileoffset         = 52352
[LOG] SystemI::createSoundInternal             :     exinfo->numsubsounds       = 1
[LOG] SystemI::createSoundInternal             :     exinfo->inclusionlist      = 0x7f99c2b46400
[LOG] SystemI::createSoundInternal             :     exinfo->inclusionlistnum   = 1
[LOG] SystemI::createSoundInternal             :     exinfo->suggestedsoundtype = 5
[LOG] SystemI::createSoundInternal             :     exinfo->initialseekpostype = 1
[LOG] SystemI::createSoundInternal             :     Stream 0/1: name='SFX_Enemy_Chorro', format=5, channels=1, frequency=48000, lengthbytes=125184, lengthpcm=712389, pcmblocksize=0, loopstart=0, loopend=0, mode=0x00000000, channelmask=0x00000000, channelorder=0, peakvolume=0.715057.
[LOG] AsyncThread::threadFunc                  : Finished Asynchronous operation on sound 0x7f99c2b46138
[LOG] AsyncThread::add                         : add sound to async queue : soundi = 0x7f99c691d688, queue head = 0x7f99c6906128, queue count = 0
[LOG] AsyncThread::threadFunc                  : Starting Asynchronous operation on sound 0x7f99c691d688
[LOG] AsyncThread::threadFunc                  : Finished Asynchronous operation on sound 0x7f99c691d688
[LOG] SystemI::createSound                     : filename = Assets/wm/Build/Desktop/Master.bank : mode 02010082
[LOG] SystemI::createSound                     : FMOD_NONBLOCKING specified.  Putting into queue to be opened asynchronously!
[LOG] AsyncThread::add                         : add sound to async queue : soundi = 0x7f99c2b98578, queue head = 0x7f99c6906128, queue count = 0
[LOG] AsyncThread::threadFunc                  : Starting Asynchronous operation on sound 0x7f99c2b98578
[LOG] SystemI::createSoundInternal             :     Create name='Assets/wm/Build/Desktop/Master.bank', mode=0x02010082
[LOG] SystemI::createSoundInternal             :     exinfo->cbsize             = 224
[LOG] SystemI::createSoundInternal             :     exinfo->length             = 2080992
[LOG] SystemI::createSoundInternal             :     exinfo->fileoffset         = 52352
[LOG] SystemI::createSoundInternal             :     exinfo->numsubsounds       = 1
[LOG] SystemI::createSoundInternal             :     exinfo->inclusionlist      = 0x7f99d0048a00
[LOG] SystemI::createSoundInternal             :     exinfo->inclusionlistnum   = 1
[LOG] SystemI::createSoundInternal             :     exinfo->suggestedsoundtype = 5
[LOG] SystemI::createSoundInternal             :     exinfo->initialseekpostype = 1
[LOG] SystemI::createSoundInternal             :     Stream 0/1: name='SFX_Enemy_Chorro', format=5, channels=1, frequency=48000, lengthbytes=125184, lengthpcm=712389, pcmblocksize=0, loopstart=0, loopend=0, mode=0x00000000, channelmask=0x00000000, channelorder=0, peakvolume=0.715057.
[LOG] AsyncThread::threadFunc                  : Finished Asynchronous operation on sound 0x7f99c2b98578
[LOG] AsyncThread::add                         : add sound to async queue : soundi = 0x7f99e0180908, queue head = 0x7f99c6906128, queue count = 0
[LOG] AsyncThread::threadFunc                  : Starting Asynchronous operation on sound 0x7f99e0180908
[LOG] AsyncThread::threadFunc                  : Finished Asynchronous operation on sound 0x7f99e0180908
[LOG] SoundI::release                          : SFX_Enemy_Chorro (0x7f99c2b80f58)
[LOG] SoundI::release                          :     SFX_Enemy_Chorro (0x7f99d0bb1eb8)
[LOG] SoundI::release                          :     SFX_Enemy_Chorro (0x7f99d0bb2048)
[LOG] SystemI::createSound                     : filename = Assets/wm/Build/Desktop/Master.bank : mode 02010082
[LOG] SystemI::createSound                     : FMOD_NONBLOCKING specified.  Putting into queue to be opened asynchronously!
[LOG] AsyncThread::add                         : add sound to async queue : soundi = 0x7f9990915098, queue head = 0x7f99c6906128, queue count = 0
[LOG] AsyncThread::threadFunc                  : Starting Asynchronous operation on sound 0x7f9990915098
[LOG] SystemI::createSoundInternal             :     Create name='Assets/wm/Build/Desktop/Master.bank', mode=0x02010082
[LOG] SystemI::createSoundInternal             :     exinfo->cbsize             = 224
[LOG] SystemI::createSoundInternal             :     exinfo->length             = 2080992
[LOG] SystemI::createSoundInternal             :     exinfo->fileoffset         = 52352
[LOG] SystemI::createSoundInternal             :     exinfo->numsubsounds       = 1
[LOG] SystemI::createSoundInternal             :     exinfo->inclusionlist      = 0x7f99d0644d90
[LOG] SystemI::createSoundInternal             :     exinfo->inclusionlistnum   = 1
[LOG] SystemI::createSoundInternal             :     exinfo->suggestedsoundtype = 5
[LOG] SystemI::createSoundInternal             :     exinfo->initialseekpostype = 1
[LOG] SystemI::createSoundInternal             :     Stream 0/1: name='SFX_Enemy_Chorro', format=5, channels=1, frequency=48000, lengthbytes=125184, lengthpcm=712389, pcmblocksize=0, loopstart=0, loopend=0, mode=0x00000000, channelmask=0x00000000, channelorder=0, peakvolume=0.715057.
[LOG] AsyncThread::threadFunc                  : Finished Asynchronous operation on sound 0x7f9990915098
[LOG] AsyncThread::add                         : add sound to async queue : soundi = 0x7f99c2b6f8b8, queue head = 0x7f99c6906128, queue count = 0
[LOG] AsyncThread::threadFunc                  : Starting Asynchronous operation on sound 0x7f99c2b6f8b8
[LOG] AsyncThread::threadFunc                  : Finished Asynchronous operation on sound 0x7f99c2b6f8b8
[LOG] SoundI::release                          : SFX_Enemy_Chorro (0x7f99c2b46138)
[LOG] SoundI::release                          :     SFX_Enemy_Chorro (0x7f99e011a278)
[LOG] SoundI::release                          :     SFX_Enemy_Chorro (0x7f99c691d688)
[LOG] SoundI::release                          : SFX_Enemy_Chorro (0x7f99c2b98578)
[LOG] SoundI::release                          :     SFX_Enemy_Chorro (0x7f99e0180778)
[LOG] SoundI::release                          :     SFX_Enemy_Chorro (0x7f99e0180908)
[LOG] SystemI::createSound                     : filename = Assets/wm/Build/Desktop/Master.bank : mode 02010082
[LOG] SystemI::createSound                     : FMOD_NONBLOCKING specified.  Putting into queue to be opened asynchronously!
[LOG] AsyncThread::add                         : add sound to async queue : soundi = 0x7f99d0ba7708, queue head = 0x7f99c6906128, queue count = 0
[LOG] AsyncThread::threadFunc                  : Starting Asynchronous operation on sound 0x7f99d0ba7708
[LOG] SystemI::createSoundInternal             :     Create name='Assets/wm/Build/Desktop/Master.bank', mode=0x02010082
[LOG] SystemI::createSoundInternal             :     exinfo->cbsize             = 224
[LOG] SystemI::createSoundInternal             :     exinfo->length             = 2080992
[LOG] SystemI::createSoundInternal             :     exinfo->fileoffset         = 52352
[LOG] SystemI::createSoundInternal             :     exinfo->numsubsounds       = 1
[LOG] SystemI::createSoundInternal             :     exinfo->inclusionlist      = 0x7f99d0ba79d0
[LOG] SystemI::createSoundInternal             :     exinfo->inclusionlistnum   = 1
[LOG] SystemI::createSoundInternal             :     exinfo->suggestedsoundtype = 5
[LOG] SystemI::createSoundInternal             :     exinfo->initialseekpostype = 1
[LOG] SystemI::createSoundInternal             :     Stream 0/1: name='SFX_Enemy_Chorro', format=5, channels=1, frequency=48000, lengthbytes=125184, lengthpcm=712389, pcmblocksize=0, loopstart=0, loopend=0, mode=0x00000000, channelmask=0x00000000, channelorder=0, peakvolume=0.715057.
[LOG] AsyncThread::threadFunc                  : Finished Asynchronous operation on sound 0x7f99d0ba7708
[LOG] AsyncThread::add                         : add sound to async queue : soundi = 0x7f99909128d8, queue head = 0x7f99c6906128, queue count = 0
[LOG] AsyncThread::threadFunc                  : Starting Asynchronous operation on sound 0x7f99909128d8
[LOG] AsyncThread::threadFunc                  : Finished Asynchronous operation on sound 0x7f99909128d8
[LOG] SystemI::createSound                     : filename = Assets/wm/Build/Desktop/Master.bank : mode 02010082
[LOG] SystemI::createSound                     : FMOD_NONBLOCKING specified.  Putting into queue to be opened asynchronously!
[LOG] AsyncThread::add                         : add sound to async queue : soundi = 0x7f99c2b9e8e8, queue head = 0x7f99c6906128, queue count = 0
[LOG] AsyncThread::threadFunc                  : Starting Asynchronous operation on sound 0x7f99c2b9e8e8
[LOG] SystemI::createSoundInternal             :     Create name='Assets/wm/Build/Desktop/Master.bank', mode=0x02010082
[LOG] SystemI::createSoundInternal             :     exinfo->cbsize             = 224
[LOG] SystemI::createSoundInternal             :     exinfo->length             = 2080992
[LOG] SystemI::createSoundInternal             :     exinfo->fileoffset         = 52352
[LOG] SystemI::createSoundInternal             :     exinfo->numsubsounds       = 1
[LOG] SystemI::createSoundInternal             :     exinfo->inclusionlist      = 0x7f99c2b9bb20
[LOG] SystemI::createSoundInternal             :     exinfo->inclusionlistnum   = 1
[LOG] SystemI::createSoundInternal             :     exinfo->suggestedsoundtype = 5
[LOG] SystemI::createSoundInternal             :     exinfo->initialseekpostype = 1
[LOG] SystemI::createSoundInternal             :     Stream 0/1: name='SFX_Enemy_Chorro', format=5, channels=1, frequency=48000, lengthbytes=125184, lengthpcm=712389, pcmblocksize=0, loopstart=0, loopend=0, mode=0x00000000, channelmask=0x00000000, channelorder=0, peakvolume=0.715057.
[LOG] AsyncThread::threadFunc                  : Finished Asynchronous operation on sound 0x7f99c2b9e8e8
[LOG] AsyncThread::add                         : add sound to async queue : soundi = 0x7f99e01adf88, queue head = 0x7f99c6906128, queue count = 0
[LOG] AsyncThread::threadFunc                  : Starting Asynchronous operation on sound 0x7f99e01adf88
[LOG] AsyncThread::threadFunc                  : Finished Asynchronous operation on sound 0x7f99e01adf88
[LOG] SoundI::release                          : SFX_Enemy_Chorro (0x7f9990915098)
[LOG] SoundI::release                          :     SFX_Enemy_Chorro (0x7f99c2b82ce8)
[LOG] SoundI::release                          :     SFX_Enemy_Chorro (0x7f99c2b6f8b8)
[LOG] SoundI::release                          :  (0x7f99c2b94538)
[LOG] SoundI::release                          :     SFX_Player_Sword_01 (0x7f99c2b946a8)
[LOG] SoundI::release                          :  (0x7f9990908a48)
[LOG] SoundI::release                          :     SFX_Player_Sword_02 (0x7f99d5ea2638)
[LOG] SoundI::release                          :  (0x7f99c2b93ea8)
[LOG] SoundI::release                          :     SFX_Player_Sword_03 (0x7f99c2b9b298)
[LOG] SoundI::release                          :  (0x7f99e065ee48)
[LOG] SoundI::release                          :     SFX_Player_Sword_04 (0x7f99c0dd6998)
[LOG] SoundI::release                          :  (0x7f99c2b99ae8)
[LOG] SoundI::release                          :     SFX_Player_Sword_05 (0x7f99c2b99c58)
[LOG] SoundI::release                          :  (0x7f99c2b93d38)
[LOG] SoundI::release                          :     SFX_Player_Sword_06 (0x7f99c2b9af78)
[LOG] SoundI::release                          :  (0x7f99e0656058)
[LOG] SoundI::release                          :     SFX_Player_Sword_07 (0x7f99c0dd6678)
[LOG] SoundI::release                          :  (0x7f99d0af12b8)
[LOG] SoundI::release                          :     SFX_Player_Sword_08 (0x7f99d5b1aa78)
[LOG] SoundI::release                          :  (0x7f99d0138468)
[LOG] SoundI::release                          :     SFX_Player_Scream_effort_01 (0x7f99c2bd0bc8)
[LOG] SoundI::release                          :  (0x7f99c2b91378)
[LOG] SoundI::release                          :     SFX_Player_Scream_effort_02 (0x7f99c2b6e548)
[LOG] SoundI::release                          :  (0x7f99c2b26b68)
[LOG] SoundI::release                          :     SFX_Player_Scream_effort_03 (0x7f99c2b9f928)
[LOG] SoundI::release                          :  (0x7f99c2b6fe18)
[LOG] SoundI::release                          :     SFX_Player_Scream_effort_04 (0x7f99d01223b8)
[LOG] SoundI::release                          : SFX_Enemy_Chorro (0x7f99c2b9e8e8)
[LOG] SoundI::release                          :     SFX_Enemy_Chorro (0x7f99e01b2248)
[LOG] SoundI::release                          :     SFX_Enemy_Chorro (0x7f99e01adf88)
[LOG] SoundI::release                          : SFX_Enemy_Chorro (0x7f99d0ba7708)
[LOG] SoundI::release                          :     SFX_Enemy_Chorro (0x7f9990949288)
[LOG] SoundI::release                          :     SFX_Enemy_Chorro (0x7f99909128d8)
[LOG] SoundI::release                          :  (0x7f99c2bb9ad8)
[LOG] SoundI::release                          :     SFX_Player_Scream_effort_05 (0x7f99c2bb9ec8)
[LOG] SoundI::release                          :  (0x7f99c2b75f68)
[LOG] SoundI::release                          :     SFX_Player_Scream_effort_06 (0x7f99c2b83378)
[LOG] SoundI::release                          :  (0x7f99d0142a78)
[LOG] SoundI::release                          :     SFX_Player_Scream_effort_07 (0x7f99c2b68168)
[LOG] SoundI::release                          :  (0x7f99c2bd1f48)
[LOG] SoundI::release                          :     SFX_Player_Scream_effort_08 (0x7f99d01436d8)
[LOG] SoundI::release                          :  (0x7f99c6976b58)
[LOG] SoundI::release                          :     SFX_Player_Steps_Water_01 (0x7f99c6976cc8)
[LOG] SoundI::release                          :  (0x7f99c6989ad8)
[LOG] SoundI::release                          :     SFX_Player_Steps_Water_02 (0x7f99c6989c48)
[LOG] SoundI::release                          :  (0x7f99c6982778)
[LOG] SoundI::release                          :     SFX_Player_Steps_Water_03 (0x7f99c69828e8)
[LOG] SoundI::release                          :  (0x7f99c698b538)
[LOG] SoundI::release                          :     SFX_Player_Steps_Water_04 (0x7f99c698b6a8)
[LOG] SoundI::release                          :  (0x7f99c6976238)
[LOG] SoundI::release                          :     SFX_Player_Steps_Water_05 (0x7f99c69763a8)
[LOG] SoundI::release                          :  (0x7f99c6985358)
[LOG] SoundI::release                          :     SFX_Player_steps_Cloth_01 (0x7f99c69854c8)
[LOG] SoundI::release                          :  (0x7f99c6987298)
[LOG] SoundI::release                          :     SFX_Player_steps_Cloth_02 (0x7f99c6987408)
[LOG] SoundI::release                          :  (0x7f99c6971bf8)
[LOG] SoundI::release                          :     SFX_Player_steps_Cloth_03 (0x7f99c6971d68)
[LOG] SoundI::release                          :  (0x7f99c696fde8)
[LOG] SoundI::release                          :     SFX_Player_steps_Cloth_04 (0x7f99c696ff58)
[LOG] SoundI::release                          :  (0x7f99c697ba38)
[LOG] SoundI::release                          :     SFX_Player_steps_Cloth_05 (0x7f99c697bba8)
[LOG] SoundI::release                          :  (0x7f99c696f958)
[LOG] SoundI::release                          :     SFX_Player_steps_Cloth_06 (0x7f99c696fac8)
[LOG] SoundI::release                          :  (0x7f99c69712c8)
[LOG] SoundI::release                          :     SFX_Player_steps_Cloth_07 (0x7f99c6971438)
[LOG] SoundI::release                          :  (0x7f99c69820d8)
[LOG] SoundI::release                          :     SFX_Player_steps_Cloth_08 (0x7f99c6980b18)
[LOG] SoundI::release                          :  (0x7f99c6989648)
[LOG] SoundI::release                          :     SFX_Player_Steps_Cloth_Wet_01 (0x7f99c69897b8)
[LOG] SoundI::release                          :  (0x7f99c69869d8)
[LOG] SoundI::release                          :     SFX_Player_Steps_Cloth_Wet_02 (0x7f99c6986b48)
[LOG] SoundI::release                          :  (0x7f99c6989f68)
[LOG] SoundI::release                          :     SFX_Player_Steps_Cloth_Wet_03 (0x7f99c698a0d8)
[LOG] SoundI::release                          :  (0x7f99c69857e8)
[LOG] SoundI::release                          :     SFX_Player_Steps_Cloth_Wet_04 (0x7f99c6985958)
[LOG] SoundI::release                          :  (0x7f99c6988d58)
[LOG] SoundI::release                          :     SFX_Player_Steps_Cloth_Wet_05 (0x7f99c6987928)
[LOG] SoundI::release                          :  (0x7f99c6975da8)
[LOG] SoundI::release                          :     SFX_Player_Steps_Cloth_Wet_06 (0x7f99c6975f18)
[LOG] SoundI::release                          :  (0x7f99c698b0a8)
[LOG] SoundI::release                          :     SFX_Player_Steps_Cloth_Wet_07 (0x7f99c698b218)
[LOG] SoundI::release                          :  (0x7f99c698a3f8)
[LOG] SoundI::release                          :     SFX_Player_Steps_Cloth_Wet_08 (0x7f99c698a568)
[LOG] SoundI::release                          :  (0x7f99e06881a8)
[LOG] SoundI::release                          :     SFX_Player_steps_Metal_01 (0x7f99e0688318)
[LOG] SoundI::release                          :  (0x7f99c697b328)
[LOG] SoundI::release                          :     SFX_Player_steps_Metal_02 (0x7f99c6977158)
[LOG] SoundI::release                          :  (0x7f99c698ce28)
[LOG] SoundI::release                          :     SFX_Player_steps_Metal_03 (0x7f99c698bb48)
[LOG] SoundI::release                          :  (0x7f99c69845a8)
[LOG] SoundI::release                          :     SFX_Player_steps_Metal_04 (0x7f99c6984718)
[LOG] SoundI::release                          :  (0x7f99c697d368)
[LOG] SoundI::release                          :     SFX_Player_steps_Metal_05 (0x7f99c697d4d8)
[LOG] SoundI::release                          :  (0x7f99c697bec8)
[LOG] SoundI::release                          :     SFX_Player_steps_Metal_06 (0x7f99c697b5a8)
[LOG] SoundI::release                          :  (0x7f99c6977478)
[LOG] SoundI::release                          :     SFX_Player_steps_Metal_07 (0x7f99c69775e8)
[LOG] SoundI::release                          :  (0x7f99c697ea88)
[LOG] SoundI::release                          :     SFX_Player_Jump_Cloth_Wet_01 (0x7f99c697ebf8)
[LOG] SoundI::release                          :  (0x7f99c6989328)
[LOG] SoundI::release                          :     SFX_Player_Jump_Cloth_Wet_02 (0x7f99c6988bc8)
[LOG] SoundI::release                          :  (0x7f99c6980628)
[LOG] SoundI::release                          :     SFX_Player_Jump_Cloth_Wet_03 (0x7f99c6980798)
[LOG] SoundI::release                          :  (0x7f99c6981c48)
[LOG] SoundI::release                          :     SFX_Player_Jump_Cloth_Wet_04 (0x7f99c6981db8)
[LOG] SoundI::release                          :  (0x7f99c697e2d8)
[LOG] SoundI::release                          :     SFX_Player_Jump_Cloth_Wet_05 (0x7f99c697d848)
[LOG] SoundI::release                          :  (0x7f99c6982f08)
[LOG] SoundI::release                          :     SFX_Player_Jump_Water_01 (0x7f99c6983078)
[LOG] SoundI::release                          :  (0x7f99c697ae98)
[LOG] SoundI::release                          :     SFX_Player_Jump_Water_02 (0x7f99c697b008)
[LOG] SoundI::release                          :  (0x7f99c6983fe8)
[LOG] SoundI::release                          :     SFX_Player_Jump_Water_03 (0x7f99c6984158)
[LOG] SoundI::release                          :  (0x7f99c69715c8)
[LOG] SoundI::release                          :     SFX_Player_Jump_Water_04 (0x7f99c6970938)
[LOG] SoundI::release                          :  (0x7f99c6984ec8)
[LOG] SoundI::release                          :     SFX_Player_Jump_Water_05 (0x7f99c6985038)
[LOG] SoundI::release                          :  (0x7f99c6974b68)
[LOG] SoundI::release                          :     SFX_Player_Jump_Water_06 (0x7f99c6974cd8)
[LOG] SoundI::release                          :  (0x7f99c697f578)
[LOG] SoundI::release                          :     SFX_Player_Jump_01 (0x7f99c697f6e8)
[LOG] SoundI::release                          :  (0x7f99c6984a38)
[LOG] SoundI::release                          :     SFX_Player_Jump_02 (0x7f99c6984ba8)
[LOG] SoundI::release                          :  (0x7f99c696cb28)
[LOG] SoundI::release                          :     SFX_Player_Jump_03 (0x7f99c696cc98)
[LOG] SoundI::release                          :  (0x7f99c696f4c8)
[LOG] SoundI::release                          :     SFX_Player_Jump_04 (0x7f99c696f638)
[LOG] SoundI::release                          :  (0x7f99c6974ff8)
[LOG] SoundI::release                          :     SFX_Player_Jump_05 (0x7f99c6975168)
[LOG] SoundI::release                          :  (0x7f99c6989028)
[LOG] SoundI::release                          :     SFX_Player_Roll_WetCloth_01 (0x7f99c6989198)
[LOG] SoundI::release                          :  (0x7f99c69766c8)
[LOG] SoundI::release                          :     SFX_Player_Roll_WetCloth_02 (0x7f99c6976838)
[LOG] SoundI::release                          :  (0x7f99c698cb68)
[LOG] SoundI::release                          :     SFX_Player_Roll_WetCloth_03 (0x7f99c698ad88)
[LOG] SoundI::release                          :  (0x7f99c698ef28)
[LOG] SoundI::release                          :     SFX_Player_Roll_WetCloth_04 (0x7f99c698c848)
[LOG] SoundI::release                          :  (0x7f99c6975918)
[LOG] SoundI::release                          :     SFX_Player_Roll_Water_01 (0x7f99c6975a88)
[LOG] SoundI::release                          :  (0x7f99e0688c38)
[LOG] SoundI::release                          :     SFX_Player_Roll_Water_02 (0x7f99e0688da8)
[LOG] SoundI::release                          :  (0x7f99c6983398)
[LOG] SoundI::release                          :     SFX_Player_Roll_Water_03 (0x7f99c6983508)
[LOG] SoundI::release                          :  (0x7f99c697aa08)
[LOG] SoundI::release                          :     SFX_Player_Roll_Water_04 (0x7f99c697ab78)
[LOG] SoundI::release                          :  (0x7f99c6975488)
[LOG] SoundI::release                          :     SFX_Player_Roll_Water_05 (0x7f99c69755f8)
[LOG] SoundI::release                          :  (0x7f99c6972088)
[LOG] SoundI::release                          :     SFX_Player_Roll_Water_06 (0x7f99c69721f8)
[LOG] SoundI::release                          :  (0x7f99c6971768)
[LOG] SoundI::release                          :     SFX_Player_Roll_01 (0x7f99c69718d8)
[LOG] SoundI::release                          :  (0x7f99c6983828)
[LOG] SoundI::release                          :     SFX_Player_Roll_02 (0x7f99c6983998)
[LOG] SoundI::release                          :  (0x7f99c697db68)
[LOG] SoundI::release                          :     SFX_Player_Roll_03 (0x7f99c697dcd8)
[LOG] SoundI::release                          :  (0x7f99c6970c58)
[LOG] SoundI::release                          :     SFX_Player_Roll_04 (0x7f99c6970dc8)
[LOG] Thread::callback                         : FMOD Studio update thread finished.
[LOG] Thread::callback                         : FMOD Studio bank load thread finished.
[LOG] Profile::disconnectAll                   : Profiler disconnecting all clients
[LOG] Thread::callback                         : FMOD Studio sample load thread finished.
[LOG] LiveUpdate::release                      : 
[LOG] LiveUpdate::reset                        : Reset connection (reason Disconnected)
[LOG] Thread::callback                         : FMOD stream thread finished.
[LOG] Thread::callback                         : FMOD mixer thread finished.
[LOG] Profile::disconnectAll                   : Profiler disconnecting all clients
[LOG] SystemI::close                           : Closed.
